C:\QIANGHAO\INTERVIEW\FROGSANDTOADS\DEBUG\FROGSANDTOADS.EXE
C:\QIANGHAO\INTERVIEW\FROGSANDTOADS\DEBUG\FROGSANDTOADS.ILK
C:\QIANGHAO\INTERVIEW\FROGSANDTOADS\DEBUG\FROGSANDTOADS.PDB
C:\QiangHao\interview\FrogsAndToads\FrogsAndToads\Debug\cl.command.1.tlog
C:\QiangHao\interview\FrogsAndToads\FrogsAndToads\Debug\CL.read.1.tlog
C:\QiangHao\interview\FrogsAndToads\FrogsAndToads\Debug\CL.write.1.tlog
C:\QIANGHAO\INTERVIEW\FROGSANDTOADS\FROGSANDTOADS\DEBUG\FROGSANDTOADS.EXE.EMBED.MANIFEST
C:\QIANGHAO\INTERVIEW\FROGSANDTOADS\FROGSANDTOADS\DEBUG\FROGSANDTOADS.EXE.EMBED.MANIFEST.RES
C:\QIANGHAO\INTERVIEW\FROGSANDTOADS\FROGSANDTOADS\DEBUG\FROGSANDTOADS.EXE.INTERMEDIATE.MANIFEST
C:\QIANGHAO\INTERVIEW\FROGSANDTOADS\FROGSANDTOADS\DEBUG\FROGSANDTOADS.OBJ
C:\QIANGHAO\INTERVIEW\FROGSANDTOADS\FROGSANDTOADS\DEBUG\FROGSANDTOADS.PCH
C:\QiangHao\interview\FrogsAndToads\FrogsAndToads\Debug\FrogsAndToads.write.1.tlog
C:\QiangHao\interview\FrogsAndToads\FrogsAndToads\Debug\FrogsAndToads_manifest.rc
C:\QiangHao\interview\FrogsAndToads\FrogsAndToads\Debug\link.2780.read.1.tlog
C:\QiangHao\interview\FrogsAndToads\FrogsAndToads\Debug\link.2780.write.1.tlog
C:\QiangHao\interview\FrogsAndToads\FrogsAndToads\Debug\link.2780-cvtres.read.1.tlog
C:\QiangHao\interview\FrogsAndToads\FrogsAndToads\Debug\link.2780-cvtres.write.1.tlog
C:\QiangHao\interview\FrogsAndToads\FrogsAndToads\Debug\link.command.1.tlog
C:\QiangHao\interview\FrogsAndToads\FrogsAndToads\Debug\link.read.1.tlog
C:\QiangHao\interview\FrogsAndToads\FrogsAndToads\Debug\link.write.1.tlog
C:\QiangHao\interview\FrogsAndToads\FrogsAndToads\Debug\link-cvtres.read.1.tlog
C:\QiangHao\interview\FrogsAndToads\FrogsAndToads\Debug\link-cvtres.write.1.tlog
C:\QiangHao\interview\FrogsAndToads\FrogsAndToads\Debug\mt.command.1.tlog
C:\QiangHao\interview\FrogsAndToads\FrogsAndToads\Debug\mt.read.1.tlog
C:\QiangHao\interview\FrogsAndToads\FrogsAndToads\Debug\mt.write.1.tlog
C:\QiangHao\interview\FrogsAndToads\FrogsAndToads\Debug\rc.command.1.tlog
C:\QiangHao\interview\FrogsAndToads\FrogsAndToads\Debug\rc.read.1.tlog
C:\QiangHao\interview\FrogsAndToads\FrogsAndToads\Debug\rc.write.1.tlog
C:\QIANGHAO\INTERVIEW\FROGSANDTOADS\FROGSANDTOADS\DEBUG\STDAFX.OBJ
C:\QiangHao\interview\FrogsAndToads\FrogsAndToads\Debug\vc100.idb
C:\QIANGHAO\INTERVIEW\FROGSANDTOADS\FROGSANDTOADS\DEBUG\VC100.PDB
